<?xml version="1.0" encoding="UTF-8"?>
<testng-results skipped="0" failed="0" total="1" passed="1">
  <reporter-output>
  </reporter-output>
  <suite name="Default suite" duration-ms="8882" started-at="2018-01-29T02:16:23Z" finished-at="2018-01-29T02:16:31Z">
    <groups>
    </groups>
    <test name="Default test" duration-ms="8882" started-at="2018-01-29T02:16:23Z" finished-at="2018-01-29T02:16:31Z">
      <class name="library.AESencrp">
        <test-method status="PASS" signature="mainEncryptDecrypt()[pri:0, instance:library.AESencrp@72d818d1]" name="mainEncryptDecrypt" duration-ms="8866" started-at="2018-01-28T21:16:23Z" finished-at="2018-01-28T21:16:31Z">
          <reporter-output>
          </reporter-output>
        </test-method> <!-- mainEncryptDecrypt -->
      </class> <!-- library.AESencrp -->
    </test> <!-- Default test -->
  </suite> <!-- Default suite -->
</testng-results>
